#
# There is insufficient memory for the Java Runtime Environment to continue.
# Native memory allocation (mmap) failed to map 89653248 bytes for committing reserved memory.
# Possible reasons:
#   The system is out of physical RAM or swap space
#   In 32 bit mode, the process size limit was hit
# Possible solutions:
#   Reduce memory load on the system
#   Increase physical memory or swap space
#   Check if swap backing store is full
#   Use 64 bit Java on a 64 bit OS
#   Decrease Java heap size (-Xmx/-Xms)
#   Decrease number of Java threads
#   Decrease Java thread stack sizes (-Xss)
#   Set larger code cache with -XX:ReservedCodeCacheSize=
# This output file may be truncated or incomplete.
#
#  Out of Memory Error (os_linux.cpp:2627), pid=26566, tid=139864796264192
#
# JRE version: Java(TM) SE Runtime Environment (8.0_60-b27) (build 1.8.0_60-b27)
# Java VM: Java HotSpot(TM) 64-Bit Server VM (25.60-b23 mixed mode linux-amd64 compressed oops)
# Failed to write core dump. Core dumps have been disabled. To enable core dumping, try "ulimit -c unlimited" before starting Java again
#

---------------  T H R E A D  ---------------

Current thread (0x00007f34ec078000):  VMThread [stack: 0x00007f34cf6f7000,0x00007f34cf7f8000] [id=26575]

Stack: [0x00007f34cf6f7000,0x00007f34cf7f8000],  sp=0x00007f34cf7f61e0,  free space=1020k
Native frames: (J=compiled Java code, j=interpreted, Vv=VM code, C=native code)
V  [libjvm.so+0xab97ea]  VMError::report_and_die()+0x2ba
V  [libjvm.so+0x4f9dab]  report_vm_out_of_memory(char const*, int, unsigned long, VMErrorType, char const*)+0x8b
V  [libjvm.so+0x91a7c3]  os::Linux::commit_memory_impl(char*, unsigned long, bool)+0x103
V  [libjvm.so+0x91ad19]  os::pd_commit_memory(char*, unsigned long, unsigned long, bool)+0x29
V  [libjvm.so+0x91502a]  os::commit_memory(char*, unsigned long, unsigned long, bool)+0x2a
V  [libjvm.so+0x9886d3]  PSVirtualSpace::expand_by(unsigned long)+0x53
V  [libjvm.so+0x989ad8]  PSYoungGen::resize_generation(unsigned long, unsigned long)+0xf8
V  [libjvm.so+0x988c32]  PSYoungGen::resize(unsigned long, unsigned long)+0x22
V  [libjvm.so+0x985f0b]  PSScavenge::invoke_no_policy()+0xf3b
V  [libjvm.so+0x986691]  PSScavenge::invoke()+0x41
V  [libjvm.so+0x93e430]  ParallelScavengeHeap::failed_mem_allocate(unsigned long)+0x70
V  [libjvm.so+0xabb207]  VM_ParallelGCFailedAllocation::doit()+0x97
V  [libjvm.so+0xac2c35]  VM_Operation::evaluate()+0x55
V  [libjvm.so+0xac100a]  VMThread::evaluate_operation(VM_Operation*)+0xba
V  [libjvm.so+0xac138e]  VMThread::loop()+0x1ce
V  [libjvm.so+0xac1800]  VMThread::run()+0x70
V  [libjvm.so+0x91cb88]  java_start(Thread*)+0x108

VM_Operation (0x00007f34cc3b8e00): ParallelGCFailedAllocation, mode: safepoint, requested by thread 0x00007f34ec2e4000


---------------  P R O C E S S  ---------------

Java Threads: ( => current thread )
  0x00007f34984a9800 JavaThread "MySQL Statement Cancellation Timer" daemon [_thread_blocked, id=26588, stack(0x00007f34cc07a000,0x00007f34cc17b000)]
  0x00007f34ec00a000 JavaThread "DestroyJavaVM" [_thread_blocked, id=26570, stack(0x00007f34f5bdb000,0x00007f34f5cdc000)]
  0x00007f34ec2e4000 JavaThread "AWT-EventQueue-0" [_thread_blocked, id=26587, stack(0x00007f34cc2be000,0x00007f34cc3bf000)]
  0x00007f34ec2e3000 JavaThread "AWT-Shutdown" [_thread_blocked, id=26586, stack(0x00007f34cc3bf000,0x00007f34cc4c0000)]
  0x00007f34ec261000 JavaThread "AWT-XAWT" daemon [_thread_in_native, id=26585, stack(0x00007f34cc919000,0x00007f34cca1a000)]
  0x00007f34ec242800 JavaThread "Java2D Disposer" daemon [_thread_blocked, id=26584, stack(0x00007f34cce2a000,0x00007f34ccf2b000)]
  0x00007f34ec0c9000 JavaThread "Service Thread" daemon [_thread_blocked, id=26582, stack(0x00007f34cebf2000,0x00007f34cecf3000)]
  0x00007f34ec0bc000 JavaThread "C1 CompilerThread2" daemon [_thread_blocked, id=26581, stack(0x00007f34cecf3000,0x00007f34cedf4000)]
  0x00007f34ec0ba000 JavaThread "C2 CompilerThread1" daemon [_thread_blocked, id=26580, stack(0x00007f34cedf4000,0x00007f34ceef5000)]
  0x00007f34ec0b7000 JavaThread "C2 CompilerThread0" daemon [_thread_blocked, id=26579, stack(0x00007f34ceef5000,0x00007f34ceff6000)]
  0x00007f34ec0b5800 JavaThread "Signal Dispatcher" daemon [_thread_blocked, id=26578, stack(0x00007f34ceff6000,0x00007f34cf0f7000)]
  0x00007f34ec07f000 JavaThread "Finalizer" daemon [_thread_blocked, id=26577, stack(0x00007f34cf4f5000,0x00007f34cf5f6000)]
  0x00007f34ec07d000 JavaThread "Reference Handler" daemon [_thread_blocked, id=26576, stack(0x00007f34cf5f6000,0x00007f34cf6f7000)]

Other Threads:
=>0x00007f34ec078000 VMThread [stack: 0x00007f34cf6f7000,0x00007f34cf7f8000] [id=26575]
  0x00007f34ec0cc000 WatcherThread [stack: 0x00007f34ceaf1000,0x00007f34cebf2000] [id=26583]

VM state:at safepoint (normal execution)

VM Mutex/Monitor currently owned by a thread:  ([mutex/lock_event])
[0x00007f34ec0064b0] Threads_lock - owner thread: 0x00007f34ec078000
[0x00007f34ec0069b0] Heap_lock - owner thread: 0x00007f34ec2e4000

Heap:
 PSYoungGen      total 62976K, used 2528K [0x00000000ebd80000, 0x00000000f0080000, 0x0000000100000000)
  eden space 60416K, 0% used [0x00000000ebd80000,0x00000000ebd80000,0x00000000ef880000)
  from space 2560K, 98% used [0x00000000efb80000,0x00000000efdf8020,0x00000000efe00000)
  to   space 2560K, 0% used [0x00000000efe00000,0x00000000efe00000,0x00000000f0080000)
 ParOldGen       total 30720K, used 30531K [0x00000000c3800000, 0x00000000c5600000, 0x00000000ebd80000)
  object space 30720K, 99% used [0x00000000c3800000,0x00000000c55d0ee8,0x00000000c5600000)
 Metaspace       used 28598K, capacity 28844K, committed 29056K, reserved 1075200K
  class space    used 3540K, capacity 3644K, committed 3712K, reserved 1048576K

Card table byte_map: [0x00007f34f27bf000,0x00007f34f29a4000] byte_map_base: 0x00007f34f21a3000

Marking Bits: (ParMarkBitMap*) 0x00007f34f50b2de0
 Begin Bits: [0x00007f34f0438000, 0x00007f34f1358000)
 End Bits:   [0x00007f34f1358000, 0x00007f34f2278000)

Polling page: 0x00007f34f5cfa000

CodeCache: size=245760Kb used=5604Kb max_used=5618Kb free=240155Kb
 bounds [0x00007f34dd000000, 0x00007f34dd590000, 0x00007f34ec000000]
 total_blobs=2264 nmethods=1645 adapters=532
 compilation: enabled

Compilation events (10 events):
Event: 2.996 Thread 0x00007f34ec0bc000 1641       3       org.eclipse.persistence.internal.helper.NonSynchronizedVector$1::nextElement (44 bytes)
Event: 2.997 Thread 0x00007f34ec0bc000 nmethod 1641 0x00007f34dd579410 code [0x00007f34dd5795a0, 0x00007f34dd579868]
Event: 2.997 Thread 0x00007f34ec0bc000 1644       1       org.eclipse.persistence.internal.sessions.CommitOrderDependencyNode::getFinishingTime (5 bytes)
Event: 2.997 Thread 0x00007f34ec0bc000 nmethod 1644 0x00007f34dd579150 code [0x00007f34dd5792a0, 0x00007f34dd5793b0]
Event: 2.997 Thread 0x00007f34ec0bc000 1636       1       java.lang.reflect.Constructor::getConstructorAccessor (5 bytes)
Event: 2.997 Thread 0x00007f34ec0bc000 nmethod 1636 0x00007f34dd578e90 code [0x00007f34dd578fe0, 0x00007f34dd5790f0]
Event: 3.004 Thread 0x00007f34ec0b7000 1645       4       org.eclipse.persistence.jpa.jpql.WordParser::startsWithIdentifier (186 bytes)
Event: 3.010 Thread 0x00007f34ec0ba000 nmethod 1639 0x00007f34dd57ee10 code [0x00007f34dd57f000, 0x00007f34dd57fe20]
Event: 3.023 Thread 0x00007f34ec0ba000 1646       4       java.nio.DirectLongBufferU::get (16 bytes)
Event: 3.024 Thread 0x00007f34ec0ba000 nmethod 1646 0x00007f34dd577710 code [0x00007f34dd577860, 0x00007f34dd5778f8]

GC Heap History (10 events):
Event: 1.189 GC heap after
Heap after GC invocations=1 (full 0):
 PSYoungGen      total 18432K, used 2544K [0x00000000ebd80000, 0x00000000ee180000, 0x0000000100000000)
  eden space 15872K, 0% used [0x00000000ebd80000,0x00000000ebd80000,0x00000000ecd00000)
  from space 2560K, 99% used [0x00000000ecd00000,0x00000000ecf7c020,0x00000000ecf80000)
  to   space 2560K, 0% used [0x00000000edf00000,0x00000000edf00000,0x00000000ee180000)
 ParOldGen       total 42496K, used 612K [0x00000000c3800000, 0x00000000c6180000, 0x00000000ebd80000)
  object space 42496K, 1% used [0x00000000c3800000,0x00000000c3899378,0x00000000c6180000)
 Metaspace       used 15330K, capacity 15488K, committed 15616K, reserved 1062912K
  class space    used 1941K, capacity 2032K, committed 2048K, reserved 1048576K
}
Event: 1.502 GC heap before
{Heap before GC invocations=2 (full 0):
 PSYoungGen      total 18432K, used 18416K [0x00000000ebd80000, 0x00000000ee180000, 0x0000000100000000)
  eden space 15872K, 100% used [0x00000000ebd80000,0x00000000ecd00000,0x00000000ecd00000)
  from space 2560K, 99% used [0x00000000ecd00000,0x00000000ecf7c020,0x00000000ecf80000)
  to   space 2560K, 0% used [0x00000000edf00000,0x00000000edf00000,0x00000000ee180000)
 ParOldGen       total 42496K, used 612K [0x00000000c3800000, 0x00000000c6180000, 0x00000000ebd80000)
  object space 42496K, 1% used [0x00000000c3800000,0x00000000c3899378,0x00000000c6180000)
 Metaspace       used 20742K, capacity 20896K, committed 21120K, reserved 1067008K
  class space    used 2542K, capacity 2640K, committed 2688K, reserved 1048576K
Event: 1.529 GC heap after
Heap after GC invocations=2 (full 0):
 PSYoungGen      total 34304K, used 2539K [0x00000000ebd80000, 0x00000000ee180000, 0x0000000100000000)
  eden space 31744K, 0% used [0x00000000ebd80000,0x00000000ebd80000,0x00000000edc80000)
  from space 2560K, 99% used [0x00000000edf00000,0x00000000ee17afa8,0x00000000ee180000)
  to   space 2560K, 0% used [0x00000000edc80000,0x00000000edc80000,0x00000000edf00000)
 ParOldGen       total 42496K, used 4421K [0x00000000c3800000, 0x00000000c6180000, 0x00000000ebd80000)
  object space 42496K, 10% used [0x00000000c3800000,0x00000000c3c51700,0x00000000c6180000)
 Metaspace       used 20742K, capacity 20896K, committed 21120K, reserved 1067008K
  class space    used 2542K, capacity 2640K, committed 2688K, reserved 1048576K
}
Event: 1.535 GC heap before
{Heap before GC invocations=3 (full 0):
 PSYoungGen      total 34304K, used 3900K [0x00000000ebd80000, 0x00000000ee180000, 0x0000000100000000)
  eden space 31744K, 4% used [0x00000000ebd80000,0x00000000ebed4290,0x00000000edc80000)
  from space 2560K, 99% used [0x00000000edf00000,0x00000000ee17afa8,0x00000000ee180000)
  to   space 2560K, 0% used [0x00000000edc80000,0x00000000edc80000,0x00000000edf00000)
 ParOldGen       total 42496K, used 4421K [0x00000000c3800000, 0x00000000c6180000, 0x00000000ebd80000)
  object space 42496K, 10% used [0x00000000c3800000,0x00000000c3c51700,0x00000000c6180000)
 Metaspace       used 20964K, capacity 21152K, committed 21296K, reserved 1069056K
  class space    used 2561K, capacity 2640K, committed 2688K, reserved 1048576K
Event: 1.540 GC heap after
Heap after GC invocations=3 (full 0):
 PSYoungGen      total 34304K, used 2528K [0x00000000ebd80000, 0x00000000f0080000, 0x0000000100000000)
  eden space 31744K, 0% used [0x00000000ebd80000,0x00000000ebd80000,0x00000000edc80000)
  from space 2560K, 98% used [0x00000000edc80000,0x00000000edef8120,0x00000000edf00000)
  to   space 2560K, 0% used [0x00000000efe00000,0x00000000efe00000,0x00000000f0080000)
 ParOldGen       total 42496K, used 4524K [0x00000000c3800000, 0x00000000c6180000, 0x00000000ebd80000)
  object space 42496K, 10% used [0x00000000c3800000,0x00000000c3c6b1b0,0x00000000c6180000)
 Metaspace       used 20964K, capacity 21152K, committed 21296K, reserved 1069056K
  class space    used 2561K, capacity 2640K, committed 2688K, reserved 1048576K
}
Event: 1.540 GC heap before
{Heap before GC invocations=4 (full 1):
 PSYoungGen      total 34304K, used 2528K [0x00000000ebd80000, 0x00000000f0080000, 0x0000000100000000)
  eden space 31744K, 0% used [0x00000000ebd80000,0x00000000ebd80000,0x00000000edc80000)
  from space 2560K, 98% used [0x00000000edc80000,0x00000000edef8120,0x00000000edf00000)
  to   space 2560K, 0% used [0x00000000efe00000,0x00000000efe00000,0x00000000f0080000)
 ParOldGen       total 42496K, used 4524K [0x00000000c3800000, 0x00000000c6180000, 0x00000000ebd80000)
  object space 42496K, 10% used [0x00000000c3800000,0x00000000c3c6b1b0,0x00000000c6180000)
 Metaspace       used 20964K, capacity 21152K, committed 21296K, reserved 1069056K
  class space    used 2561K, capacity 2640K, committed 2688K, reserved 1048576K
Event: 1.565 GC heap after
Heap after GC invocations=4 (full 1):
 PSYoungGen      total 34304K, used 0K [0x00000000ebd80000, 0x00000000f0080000, 0x0000000100000000)
  eden space 31744K, 0% used [0x00000000ebd80000,0x00000000ebd80000,0x00000000edc80000)
  from space 2560K, 0% used [0x00000000edc80000,0x00000000edc80000,0x00000000edf00000)
  to   space 2560K, 0% used [0x00000000efe00000,0x00000000efe00000,0x00000000f0080000)
 ParOldGen       total 26112K, used 3739K [0x00000000c3800000, 0x00000000c5180000, 0x00000000ebd80000)
  object space 26112K, 14% used [0x00000000c3800000,0x00000000c3ba6f00,0x00000000c5180000)
 Metaspace       used 20964K, capacity 21152K, committed 21296K, reserved 1069056K
  class space    used 2561K, capacity 2640K, committed 2688K, reserved 1048576K
}
Event: 2.125 GC heap before
{Heap before GC invocations=5 (full 1):
 PSYoungGen      total 34304K, used 31744K [0x00000000ebd80000, 0x00000000f0080000, 0x0000000100000000)
  eden space 31744K, 100% used [0x00000000ebd80000,0x00000000edc80000,0x00000000edc80000)
  from space 2560K, 0% used [0x00000000edc80000,0x00000000edc80000,0x00000000edf00000)
  to   space 2560K, 0% used [0x00000000efe00000,0x00000000efe00000,0x00000000f0080000)
 ParOldGen       total 26112K, used 3739K [0x00000000c3800000, 0x00000000c5180000, 0x00000000ebd80000)
  object space 26112K, 14% used [0x00000000c3800000,0x00000000c3ba6f00,0x00000000c5180000)
 Metaspace       used 25641K, capacity 25862K, committed 26240K, reserved 1073152K
  class space    used 3256K, capacity 3355K, committed 3456K, reserved 1048576K
Event: 2.143 GC heap after
Heap after GC invocations=5 (full 1):
 PSYoungGen      total 62976K, used 2544K [0x00000000ebd80000, 0x00000000f0080000, 0x0000000100000000)
  eden space 60416K, 0% used [0x00000000ebd80000,0x00000000ebd80000,0x00000000ef880000)
  from space 2560K, 99% used [0x00000000efe00000,0x00000000f007c378,0x00000000f0080000)
  to   space 2560K, 0% used [0x00000000efb80000,0x00000000efb80000,0x00000000efe00000)
 ParOldGen       total 26112K, used 9786K [0x00000000c3800000, 0x00000000c5180000, 0x00000000ebd80000)
  object space 26112K, 37% used [0x00000000c3800000,0x00000000c418eac0,0x00000000c5180000)
 Metaspace       used 25641K, capacity 25862K, committed 26240K, reserved 1073152K
  class space    used 3256K, capacity 3355K, committed 3456K, reserved 1048576K
}
Event: 3.029 GC heap before
{Heap before GC invocations=6 (full 1):
 PSYoungGen      total 62976K, used 62960K [0x00000000ebd80000, 0x00000000f0080000, 0x0000000100000000)
  eden space 60416K, 100% used [0x00000000ebd80000,0x00000000ef880000,0x00000000ef880000)
  from space 2560K, 99% used [0x00000000efe00000,0x00000000f007c378,0x00000000f0080000)
  to   space 2560K, 0% used [0x00000000efb80000,0x00000000efb80000,0x00000000efe00000)
 ParOldGen       total 26112K, used 9786K [0x00000000c3800000, 0x00000000c5180000, 0x00000000ebd80000)
  object space 26112K, 37% used [0x00000000c3800000,0x00000000c418eac0,0x00000000c5180000)
 Metaspace       used 28598K, capacity 28844K, committed 29056K, reserved 1075200K
  class space    used 3540K, capacity 3644K, committed 3712K, reserved 1048576K

Deoptimization events (10 events):
Event: 2.068 Thread 0x00007f34ec2e4000 Uncommon trap: reason=class_check action=maybe_recompile pc=0x00007f34dd315658 method=java.util.regex.Pattern$Slice.match(Ljava/util/regex/Matcher;ILjava/lang/CharSequence;)Z @ 75
Event: 2.071 Thread 0x00007f34ec2e4000 Uncommon trap: reason=class_check action=maybe_recompile pc=0x00007f34dd315658 method=java.util.regex.Pattern$Slice.match(Ljava/util/regex/Matcher;ILjava/lang/CharSequence;)Z @ 75
Event: 2.388 Thread 0x00007f34ec2e4000 Uncommon trap: reason=null_check action=make_not_entrant pc=0x00007f34dd4d1d6c method=java.util.zip.ZipFile$ZipFileInflaterInputStream.close()V @ 40
Event: 2.524 Thread 0x00007f34ec2e4000 Uncommon trap: reason=unstable_if action=reinterpret pc=0x00007f34dd459650 method=sun.nio.cs.UTF_8$Decoder.decode([BII[C)I @ 30
Event: 2.535 Thread 0x00007f34ec2e4000 Uncommon trap: reason=unstable_if action=reinterpret pc=0x00007f34dd4d6e2c method=java.util.zip.ZipCoder.decoder()Ljava/nio/charset/CharsetDecoder; @ 4
Event: 2.546 Thread 0x00007f34ec2e4000 Uncommon trap: reason=unstable_if action=reinterpret pc=0x00007f34dd1b0254 method=java.util.Properties.loadConvert([CII[C)Ljava/lang/String; @ 57
Event: 2.678 Thread 0x00007f34ec2e4000 Uncommon trap: reason=unstable_if action=reinterpret pc=0x00007f34dd43bce0 method=java.lang.CharacterDataLatin1.digit(II)I @ 82
Event: 2.693 Thread 0x00007f34ec2e4000 Uncommon trap: reason=predicate action=maybe_recompile pc=0x00007f34dd38fa90 method=sun.net.www.ParseUtil.encodePath(Ljava/lang/String;Z)Ljava/lang/String; @ 36
Event: 2.898 Thread 0x00007f34ec2e4000 Uncommon trap: reason=predicate action=maybe_recompile pc=0x00007f34dd4d7e34 method=java.util.regex.Pattern$Slice.match(Ljava/util/regex/Matcher;ILjava/lang/CharSequence;)Z @ 21
Event: 2.912 Thread 0x00007f34ec2e4000 Uncommon trap: reason=unstable_if action=reinterpret pc=0x00007f34dd43b91c method=java.lang.CharacterDataLatin1.digit(II)I @ 82

Internal exceptions (10 events):
Event: 0.986 Thread 0x00007f34ec2e4000 Exception <a 'java/lang/ClassNotFoundException': org/jdesktop/swingbinding/adapters/BeanAdapterBaseCustomizer> (0x00000000eca6ee20) thrown at [/HUDSON/workspace/8-2-build-linux-amd64/jdk8u60/4407/hotspot/src/share/vm/classfile/systemDictionary.cpp, line 2
Event: 0.987 Thread 0x00007f34ec2e4000 Exception <a 'java/lang/ClassNotFoundException': org/jdesktop/swingbinding/adapters/JTextComponentAdapterProvider$AdapterCustomizer> (0x00000000eca7f1f8) thrown at [/HUDSON/workspace/8-2-build-linux-amd64/jdk8u60/4407/hotspot/src/share/vm/classfile/system
Event: 0.987 Thread 0x00007f34ec2e4000 Exception <a 'java/lang/ClassNotFoundException': java/lang/ObjectCustomizer> (0x00000000eca8bed0) thrown at [/HUDSON/workspace/8-2-build-linux-amd64/jdk8u60/4407/hotspot/src/share/vm/classfile/systemDictionary.cpp, line 210]
Event: 0.988 Thread 0x00007f34ec2e4000 Exception <a 'java/lang/ClassNotFoundException': org/jdesktop/swingbinding/adapters/BeanAdapterBaseCustomizer> (0x00000000eca97c68) thrown at [/HUDSON/workspace/8-2-build-linux-amd64/jdk8u60/4407/hotspot/src/share/vm/classfile/systemDictionary.cpp, line 2
Event: 0.989 Thread 0x00007f34ec2e4000 Exception <a 'java/lang/ClassNotFoundException': org/jdesktop/swingbinding/adapters/JTextComponentAdapterProvider$AdapterCustomizer> (0x00000000ecaa8078) thrown at [/HUDSON/workspace/8-2-build-linux-amd64/jdk8u60/4407/hotspot/src/share/vm/classfile/system
Event: 0.989 Thread 0x00007f34ec2e4000 Exception <a 'java/lang/ClassNotFoundException': java/lang/ObjectCustomizer> (0x00000000ecab4d88) thrown at [/HUDSON/workspace/8-2-build-linux-amd64/jdk8u60/4407/hotspot/src/share/vm/classfile/systemDictionary.cpp, line 210]
Event: 0.990 Thread 0x00007f34ec2e4000 Exception <a 'java/lang/ClassNotFoundException': org/jdesktop/swingbinding/adapters/BeanAdapterBaseCustomizer> (0x00000000ecac0b20) thrown at [/HUDSON/workspace/8-2-build-linux-amd64/jdk8u60/4407/hotspot/src/share/vm/classfile/systemDictionary.cpp, line 2
Event: 0.991 Thread 0x00007f34ec2e4000 Exception <a 'java/lang/ClassNotFoundException': org/jdesktop/swingbinding/adapters/JTextComponentAdapterProvider$AdapterCustomizer> (0x00000000ecad0ef8) thrown at [/HUDSON/workspace/8-2-build-linux-amd64/jdk8u60/4407/hotspot/src/share/vm/classfile/system
Event: 1.854 Thread 0x00007f34ec2e4000 Exception <a 'java/lang/NoClassDefFoundError': javax/validation/Validation> (0x00000000ecb1ebb8) thrown at [/HUDSON/workspace/8-2-build-linux-amd64/jdk8u60/4407/hotspot/src/share/vm/classfile/systemDictionary.cpp, line 199]
Event: 2.535 Thread 0x00007f34ec2e4000 Implicit null exception at 0x00007f34dd4d67fc to 0x00007f34dd4d6e11

Events (10 events):
Event: 3.027 loading class org/eclipse/persistence/jpa/jpql/EclipseLinkGrammarValidator$1 done
Event: 3.027 loading class org/eclipse/persistence/jpa/jpql/AbstractValidator$OwningClauseVisitor
Event: 3.027 loading class org/eclipse/persistence/jpa/jpql/AbstractValidator$OwningClauseVisitor done
Event: 3.027 loading class org/eclipse/persistence/jpa/jpql/parser/AbstractTraverseParentVisitor
Event: 3.027 loading class org/eclipse/persistence/jpa/jpql/parser/AbstractTraverseParentVisitor done
Event: 3.028 loading class org/eclipse/persistence/jpa/jpql/AbstractEclipseLinkSemanticValidator$EclipseLinkOwningClauseVisitor
Event: 3.028 loading class org/eclipse/persistence/jpa/jpql/AbstractEclipseLinkSemanticValidator$EclipseLinkOwningClauseVisitor done
Event: 3.028 loading class org/eclipse/persistence/jpa/jpql/EclipseLinkGrammarValidator$4
Event: 3.028 loading class org/eclipse/persistence/jpa/jpql/EclipseLinkGrammarValidator$4 done
Event: 3.029 Executing VM operation: ParallelGCFailedAllocation


Dynamic libraries:
00400000-00401000 r-xp 00000000 08:01 661215                             /usr/lib/jvm/java-8-oracle/bin/java
00600000-00601000 rw-p 00000000 08:01 661215                             /usr/lib/jvm/java-8-oracle/bin/java
01fdd000-01ffe000 rw-p 00000000 00:00 0                                  [heap]
c3800000-c5600000 rw-p 00000000 00:00 0 
c5600000-ebd80000 ---p 00000000 00:00 0 
ebd80000-f0080000 rw-p 00000000 00:00 0 
f5600000-100000000 ---p 00000000 00:00 0 
100000000-1003a0000 rw-p 00000000 00:00 0 
1003a0000-140000000 ---p 00000000 00:00 0 
7f348c000000-7f348c021000 rw-p 00000000 00:00 0 
7f348c021000-7f3490000000 ---p 00000000 00:00 0 
7f3492939000-7f34929f9000 rw-p 00000000 00:00 0 
7f34929f9000-7f3492b39000 ---p 00000000 00:00 0 
7f3492b39000-7f3492d39000 rw-p 00000000 00:00 0 
7f3492d39000-7f3492d6b000 r-xp 00000000 08:01 1332722                    /usr/lib/jvm/java-8-oracle/jre/lib/amd64/libsunec.so
7f3492d6b000-7f3492f6a000 ---p 00032000 08:01 1332722                    /usr/lib/jvm/java-8-oracle/jre/lib/amd64/libsunec.so
7f3492f6a000-7f3492f70000 rw-p 00031000 08:01 1332722                    /usr/lib/jvm/java-8-oracle/jre/lib/amd64/libsunec.so
7f3492f70000-7f3493180000 rw-p 00000000 00:00 0 
7f3493180000-7f3493380000 rw-p 00000000 00:00 0 
7f3493380000-7f3493580000 rw-p 00000000 00:00 0 
7f3493580000-7f3493780000 rw-p 00000000 00:00 0 
7f3493780000-7f34937e9000 r-xp 00000000 08:01 1332733                    /usr/lib/jvm/java-8-oracle/jre/lib/amd64/libt2k.so
7f34937e9000-7f34939e9000 ---p 00069000 08:01 1332733                    /usr/lib/jvm/java-8-oracle/jre/lib/amd64/libt2k.so
7f34939e9000-7f34939f0000 rw-p 00069000 08:01 1332733                    /usr/lib/jvm/java-8-oracle/jre/lib/amd64/libt2k.so
7f34939f0000-7f3493c00000 rw-p 00000000 00:00 0 
7f3493c00000-7f3493e00000 rw-p 00000000 00:00 0 
7f3493e00000-7f3494000000 rw-p 00000000 00:00 0 
7f3494000000-7f3494021000 rw-p 00000000 00:00 0 
7f3494021000-7f3498000000 ---p 00000000 00:00 0 
7f3498000000-7f34987eb000 rw-p 00000000 00:00 0 
7f34987eb000-7f349c000000 ---p 00000000 00:00 0 
7f349c000000-7f349c021000 rw-p 00000000 00:00 0 
7f349c021000-7f34a0000000 ---p 00000000 00:00 0 
7f34a0000000-7f34a0021000 rw-p 00000000 00:00 0 
7f34a0021000-7f34a4000000 ---p 00000000 00:00 0 
7f34a4000000-7f34a4021000 rw-p 00000000 00:00 0 
7f34a4021000-7f34a8000000 ---p 00000000 00:00 0 
7f34a8000000-7f34a8021000 rw-p 00000000 00:00 0 
7f34a8021000-7f34ac000000 ---p 00000000 00:00 0 
7f34ac000000-7f34ac466000 rw-p 00000000 00:00 0 
7f34ac466000-7f34b0000000 ---p 00000000 00:00 0 
7f34b0000000-7f34b0564000 rw-p 00000000 00:00 0 
7f34b0564000-7f34b4000000 ---p 00000000 00:00 0 
7f34b4000000-7f34b4021000 rw-p 00000000 00:00 0 
7f34b4021000-7f34b8000000 ---p 00000000 00:00 0 
7f34b8000000-7f34b89fc000 rw-p 00000000 00:00 0 
7f34b89fc000-7f34bc000000 ---p 00000000 00:00 0 
7f34bc000000-7f34bc021000 rw-p 00000000 00:00 0 
7f34bc021000-7f34c0000000 ---p 00000000 00:00 0 
7f34c0000000-7f34c0021000 rw-p 00000000 00:00 0 
7f34c0021000-7f34c4000000 ---p 00000000 00:00 0 
7f34c4000000-7f34c428b000 rw-p 00000000 00:00 0 
7f34c428b000-7f34c8000000 ---p 00000000 00:00 0 
7f34c8000000-7f34c8021000 rw-p 00000000 00:00 0 
7f34c8021000-7f34cc000000 ---p 00000000 00:00 0 
7f34cc07a000-7f34cc07d000 ---p 00000000 00:00 0 
7f34cc07d000-7f34cc17b000 rw-p 00000000 00:00 0                          [stack:26588]
7f34cc17b000-7f34cc186000 r--s 00000000 08:01 5242977                    /var/cache/fontconfig/945677eb7aeaf62f1d50efc3fb3ec7d8-le64.cache-4
7f34cc186000-7f34cc18c000 r--s 00000000 08:01 5242959                    /var/cache/fontconfig/2cd17615ca594fa2959ae173292e504c-le64.cache-4
7f34cc18c000-7f34cc18d000 r--s 00000000 08:01 5242994                    /var/cache/fontconfig/e7071f4a29fa870f4323321c154eba04-le64.cache-4
7f34cc18d000-7f34cc18e000 r--s 00000000 08:01 5242955                    /var/cache/fontconfig/0d8c3b2ac0904cb8a57a757ad11a4a08-le64.cache-4
7f34cc18e000-7f34cc195000 r--s 00000000 08:01 5242980                    /var/cache/fontconfig/a755afe4a08bf5b97852ceb7400b47bc-le64.cache-4
7f34cc195000-7f34cc199000 r--s 00000000 08:01 5253965                    /var/cache/fontconfig/6d41288fd70b0be22e8c3a91e032eec0-le64.cache-4
7f34cc199000-7f34cc19d000 r--s 00000000 08:01 5252913                    /var/cache/fontconfig/de156ccd2eddbdc19d37a45b8b2aac9c-le64.cache-4
7f34cc19d000-7f34cc1b1000 r--s 00000000 08:01 5242949                    /var/cache/fontconfig/04aabc0a78ac019cf9454389977116d2-le64.cache-4
7f34cc1b1000-7f34cc1b2000 r--s 00000000 08:01 5242958                    /var/cache/fontconfig/1ac9eb803944fde146138c791f5cc56a-le64.cache-4
7f34cc1b2000-7f34cc1b6000 r--s 00000000 08:01 5242962                    /var/cache/fontconfig/385c0604a188198f04d133e54aba7fe7-le64.cache-4
7f34cc1b6000-7f34cc1b7000 r--s 00000000 08:01 5242991                    /var/cache/fontconfig/dc05db6664285cc2f12bf69c139ae4c3-le64.cache-4
7f34cc1b7000-7f34cc1bb000 r--s 00000000 08:01 5242974                    /var/cache/fontconfig/7b79abe4499501fcd4e4826394083a53-le64.cache-4
7f34cc1bb000-7f34cc1be000 r--s 00000000 08:01 5242963                    /var/cache/fontconfig/3a9914ff62a69b32234685a84fdc926d-le64.cache-4
7f34cc1be000-7f34cc1c0000 r--s 00000000 08:01 5242973                    /var/cache/fontconfig/767a8244fc0220cfb567a839d0392e0b-le64.cache-4
7f34cc1c0000-7f34cc1c1000 r--s 00000000 08:01 5242953                    /var/cache/fontconfig/0b41ebd278d9388cf5d83f81d476c672-le64.cache-4
7f34cc1c1000-7f34cc1c5000 r--s 00000000 08:01 5242996                    /var/cache/fontconfig/ea32c683f96734b73b6a7acf745d6442-le64.cache-4
7f34cc1c5000-7f34cc1ca000 r--s 00000000 08:01 5242976                    /var/cache/fontconfig/8801497958630a81b71ace7c5f9b32a8-le64.cache-4
7f34cc1ca000-7f34cc1cb000 r--s 00000000 08:01 5242981                    /var/cache/fontconfig/b036df7bbb72844893df6bcf5570ea7f-le64.cache-4
7f34cc1cb000-7f34cc1cc000 r--s 00000000 08:01 5242968                    /var/cache/fontconfig/575107dd7452b4b2b2b1361909925bb4-le64.cache-4
7f34cc1cc000-7f34cc1d3000 r--s 00000000 08:01 5242960                    /var/cache/fontconfig/3047814df9a2f067bd2d96a2b9c36e5a-le64.cache-4
7f34cc1d3000-7f34cc1d4000 r--s 00000000 08:01 5242966                    /var/cache/fontconfig/56cf4f4769d0f4abc89a4895d7bd3ae1-le64.cache-4
7f34cc1d4000-7f34cc1d6000 r--s 00000000 08:01 5242956                    /var/cache/fontconfig/12888573d3e05bfbe41d0040af4efeaa-le64.cache-4
7f34cc1d6000-7f34cc1e9000 r--s 00000000 08:01 5242988                    /var/cache/fontconfig/d52a8644073d54c13679302ca1180695-le64.cache-4
7f34cc1e9000-7f34cc1f2000 r--s 00000000 08:01 5242964                    /var/cache/fontconfig/3f7329c5293ffd510edef78f73874cfd-le64.cache-4
7f34cc29c000-7f34cc29d000 rw-p 00000000 00:00 0 
7f34cc29d000-7f34cc2a3000 r--s 0003f000 08:01 1332763                    /usr/lib/jvm/java-8-oracle/jre/lib/ext/sunjce_provider.jar
7f34cc2a3000-7f34cc2a4000 r--s 00009000 08:01 1332756                    /usr/lib/jvm/java-8-oracle/jre/lib/ext/sunec.jar
7f34cc2a4000-7f34cc2a8000 r--s 00095000 08:01 1186258                    /usr/lib/jvm/java-8-oracle/jre/lib/jsse.jar
7f34cc2a8000-7f34cc2ab000 r--s 0001a000 08:01 1186271                    /usr/lib/jvm/java-8-oracle/jre/lib/jce.jar
7f34cc2ab000-7f34cc2be000 r--s 00344000 08:01 1186287                    /usr/lib/jvm/java-8-oracle/jre/lib/resources.jar
7f34cc2be000-7f34cc2c1000 ---p 00000000 00:00 0 
7f34cc2c1000-7f34cc3bf000 rw-p 00000000 00:00 0                          [stack:26587]
7f34cc3bf000-7f34cc3c2000 ---p 00000000 00:00 0 
7f34cc3c2000-7f34cc4c0000 rw-p 00000000 00:00 0                          [stack:26586]
7f34cc4c0000-7f34cc4d1000 r-xp 00000000 08:01 1332699                    /usr/lib/jvm/java-8-oracle/jre/lib/amd64/libnio.so
7f34cc4d1000-7f34cc6d0000 ---p 00011000 08:01 1332699                    /usr/lib/jvm/java-8-oracle/jre/lib/amd64/libnio.so
7f34cc6d0000-7f34cc6d1000 rw-p 00010000 08:01 1332699                    /usr/lib/jvm/java-8-oracle/jre/lib/amd64/libnio.so
7f34cc6d1000-7f34cc702000 rw-p 00000000 00:00 0 
7f34cc702000-7f34cc718000 r-xp 00000000 08:01 1332685                    /usr/lib/jvm/java-8-oracle/jre/lib/amd64/libnet.so
7f34cc718000-7f34cc918000 ---p 00016000 08:01 1332685                    /usr/lib/jvm/java-8-oracle/jre/lib/amd64/libnet.so
7f34cc918000-7f34cc919000 rw-p 00016000 08:01 1332685                    /usr/lib/jvm/java-8-oracle/jre/lib/amd64/libnet.so
7f34cc919000-7f34cc91c000 ---p 00000000 00:00 0 
7f34cc91c000-7f34cca1a000 rw-p 00000000 00:00 0                          [stack:26585]
7f34cca1a000-7f34cca1f000 r-xp 00000000 08:01 270452                     /usr/lib/x86_64-linux-gnu/libXfixes.so.3.1.0
7f34cca1f000-7f34ccc1e000 ---p 00005000 08:01 270452                     /usr/lib/x86_64-linux-gnu/libXfixes.so.3.1.0
7f34ccc1e000-7f34ccc1f000 r--p 00004000 08:01 270452                     /usr/lib/x86_64-linux-gnu/libXfixes.so.3.1.0
7f34ccc1f000-7f34ccc20000 rw-p 00005000 08:01 270452                     /usr/lib/x86_64-linux-gnu/libXfixes.so.3.1.0
7f34ccc20000-7f34ccc29000 r-xp 00000000 08:01 270444                     /usr/lib/x86_64-linux-gnu/libXcursor.so.1.0.2
7f34ccc29000-7f34cce28000 ---p 00009000 08:01 270444                     /usr/lib/x86_64-linux-gnu/libXcursor.so.1.0.2
7f34cce28000-7f34cce29000 r--p 00008000 08:01 270444                     /usr/lib/x86_64-linux-gnu/libXcursor.so.1.0.2
7f34cce29000-7f34cce2a000 rw-p 00009000 08:01 270444                     /usr/lib/x86_64-linux-gnu/libXcursor.so.1.0.2
7f34cce2a000-7f34cce2d000 ---p 00000000 00:00 0 
7f34cce2d000-7f34ccf2b000 rw-p 00000000 00:00 0                          [stack:26584]
7f34ccf2b000-7f34ccf41000 r-xp 00000000 08:01 528558                     /lib/x86_64-linux-gnu/libgcc_s.so.1
7f34ccf41000-7f34cd140000 ---p 00016000 08:01 528558                     /lib/x86_64-linux-gnu/libgcc_s.so.1
7f34cd140000-7f34cd141000 rw-p 00015000 08:01 528558                     /lib/x86_64-linux-gnu/libgcc_s.so.1
7f34cd141000-7f34cd1a7000 r-xp 00000000 08:01 1332707                    /usr/lib/jvm/java-8-oracle/jre/lib/amd64/libfontmanager.so
7f34cd1a7000-7f34cd3a6000 ---p 00066000 08:01 1332707                    /usr/lib/jvm/java-8-oracle/jre/lib/amd64/libfontmanager.so
7f34cd3a6000-7f34cd3aa000 rw-p 00065000 08:01 1332707                    /usr/lib/jvm/java-8-oracle/jre/lib/amd64/libfontmanager.so
7f34cd3aa000-7f34cd3bb000 rw-p 00000000 00:00 0 
7f34cd3bb000-7f34cd3c0000 r-xp 00000000 08:01 270448                     /usr/lib/x86_64-linux-gnu/libXdmcp.so.6.0.0
7f34cd3c0000-7f34cd5bf000 ---p 00005000 08:01 270448                     /usr/lib/x86_64-linux-gnu/libXdmcp.so.6.0.0
7f34cd5bf000-7f34cd5c0000 r--p 00004000 08:01 270448                     /usr/lib/x86_64-linux-gnu/libXdmcp.so.6.0.0
7f34cd5c0000-7f34cd5c1000 rw-p 00005000 08:01 270448                     /usr/lib/x86_64-linux-gnu/libXdmcp.so.6.0.0
7f34cd5c1000-7f34cd5c3000 r-xp 00000000 08:01 270437                     /usr/lib/x86_64-linux-gnu/libXau.so.6.0.0
7f34cd5c3000-7f34cd7c3000 ---p 00002000 08:01 270437                     /usr/lib/x86_64-linux-gnu/libXau.so.6.0.0
7f34cd7c3000-7f34cd7c4000 r--p 00002000 08:01 270437                     /usr/lib/x86_64-linux-gnu/libXau.so.6.0.0
7f34cd7c4000-7f34cd7c5000 rw-p 00003000 08:01 270437                     /usr/lib/x86_64-linux-gnu/libXau.so.6.0.0
7f34cd7c5000-7f34cd7e2000 r-xp 00000000 08:01 271429                     /usr/lib/x86_64-linux-gnu/libxcb.so.1.1.0
7f34cd7e2000-7f34cd9e2000 ---p 0001d000 08:01 271429                     /usr/lib/x86_64-linux-gnu/libxcb.so.1.1.0
7f34cd9e2000-7f34cd9e3000 r--p 0001d000 08:01 271429                     /usr/lib/x86_64-linux-gnu/libxcb.so.1.1.0
7f34cd9e3000-7f34cd9e4000 rw-p 0001e000 08:01 271429                     /usr/lib/x86_64-linux-gnu/libxcb.so.1.1.0
7f34cd9e4000-7f34cd9f3000 r-xp 00000000 08:01 270458                     /usr/lib/x86_64-linux-gnu/libXi.so.6.1.0
7f34cd9f3000-7f34cdbf2000 ---p 0000f000 08:01 270458                     /usr/lib/x86_64-linux-gnu/libXi.so.6.1.0
7f34cdbf2000-7f34cdbf3000 r--p 0000e000 08:01 270458                     /usr/lib/x86_64-linux-gnu/libXi.so.6.1.0
7f34cdbf3000-7f34cdbf4000 rw-p 0000f000 08:01 270458                     /usr/lib/x86_64-linux-gnu/libXi.so.6.1.0
7f34cdbf4000-7f34cdbf9000 r-xp 00000000 08:01 270476                     /usr/lib/x86_64-linux-gnu/libXtst.so.6.1.0
7f34cdbf9000-7f34cddf8000 ---p 00005000 08:01 270476                     /usr/lib/x86_64-linux-gnu/libXtst.so.6.1.0
7f34cddf8000-7f34cddf9000 r--p 00004000 08:01 270476                     /usr/lib/x86_64-linux-gnu/libXtst.so.6.1.0
7f34cddf9000-7f34cddfa000 rw-p 00005000 08:01 270476                     /usr/lib/x86_64-linux-gnu/libXtst.so.6.1.0
7f34cddfa000-7f34cde03000 r-xp 00000000 08:01 270470                     /usr/lib/x86_64-linux-gnu/libXrender.so.1.3.0
7f34cde03000-7f34ce002000 ---p 00009000 08:01 270470                     /usr/lib/x86_64-linux-gnu/libXrender.so.1.3.0
7f34ce002000-7f34ce003000 r--p 00008000 08:01 270470                     /usr/lib/x86_64-linux-gnu/libXrender.so.1.3.0
7f34ce003000-7f34ce004000 rw-p 00009000 08:01 270470                     /usr/lib/x86_64-linux-gnu/libXrender.so.1.3.0
7f34ce004000-7f34ce134000 r-xp 00000000 08:01 270433                     /usr/lib/x86_64-linux-gnu/libX11.so.6.3.0
7f34ce134000-7f34ce334000 ---p 00130000 08:01 270433                     /usr/lib/x86_64-linux-gnu/libX11.so.6.3.0
7f34ce334000-7f34ce335000 r--p 00130000 08:01 270433                     /usr/lib/x86_64-linux-gnu/libX11.so.6.3.0
7f34ce335000-7f34ce339000 rw-p 00131000 08:01 270433                     /usr/lib/x86_64-linux-gnu/libX11.so.6.3.0
7f34ce339000-7f34ce34a000 r-xp 00000000 08:01 270450                     /usr/lib/x86_64-linux-gnu/libXext.so.6.4.0
7f34ce34a000-7f34ce549000 ---p 00011000 08:01 270450                     /usr/lib/x86_64-linux-gnu/libXext.so.6.4.0
7f34ce549000-7f34ce54a000 r--p 00010000 08:01 270450                     /usr/lib/x86_64-linux-gnu/libXext.so.6.4.0
7f34ce54a000-7f34ce54b000 rw-p 00011000 08:01 270450                     /usr/lib/x86_64-linux-gnu/libXext.so.6.4.0
7f34ce54b000-7f34ce59f000 r-xp 00000000 08:01 1332727                    /usr/lib/jvm/java-8-oracle/jre/lib/amd64/libawt_xawt.so
7f34ce59f000-7f34ce79f000 ---p 00054000 08:01 1332727                    /usr/lib/jvm/java-8-oracle/jre/lib/amd64/libawt_xawt.so
7f34ce79f000-7f34ce7a3000 rw-p 00054000 08:01 1332727                    /usr/lib/jvm/java-8-oracle/jre/lib/amd64/libawt_xawt.so
7f34ce7a3000-7f34ce7a4000 rw-p 00000000 00:00 0 
7f34ce7a4000-7f34ce846000 r-xp 00000000 08:01 1332739                    /usr/lib/jvm/java-8-oracle/jre/lib/amd64/libawt.so
7f34ce846000-7f34cea46000 ---p 000a2000 08:01 1332739                    /usr/lib/jvm/java-8-oracle/jre/lib/amd64/libawt.so
7f34cea46000-7f34cea52000 rw-p 000a2000 08:01 1332739                    /usr/lib/jvm/java-8-oracle/jre/lib/amd64/libawt.so
7f34cea52000-7f34cea76000 rw-p 00000000 00:00 0 
7f34cea76000-7f34ceaf1000 r--s 00784000 08:01 3151170                    /home/rsoto/netbeans-8.0.2/java/modules/ext/eclipselink/eclipselink.jar
7f34ceaf1000-7f34ceaf2000 ---p 00000000 00:00 0 
7f34ceaf2000-7f34cebf2000 rw-p 00000000 00:00 0                          [stack:26583]
7f34cebf2000-7f34cebf5000 ---p 00000000 00:00 0 
7f34cebf5000-7f34cecf3000 rw-p 00000000 00:00 0                          [stack:26582]
7f34cecf3000-7f34cecf6000 ---p 00000000 00:00 0 
7f34cecf6000-7f34cedf4000 rw-p 00000000 00:00 0                          [stack:26581]
7f34cedf4000-7f34cedf7000 ---p 00000000 00:00 0 
7f34cedf7000-7f34ceef5000 rw-p 00000000 00:00 0                          [stack:26580]
7f34ceef5000-7f34ceef8000 ---p 00000000 00:00 0 
7f34ceef8000-7f34ceff6000 rw-p 00000000 00:00 0                          [stack:26579]
7f34ceff6000-7f34ceff9000 ---p 00000000 00:00 0 
7f34ceff9000-7f34cf0f7000 rw-p 00000000 00:00 0                          [stack:26578]
7f34cf0f7000-7f34cf4f5000 r--p 00000000 08:01 266449                     /usr/lib/locale/locale-archive
7f34cf4f5000-7f34cf4f8000 ---p 00000000 00:00 0 
7f34cf4f8000-7f34cf5f6000 rw-p 00000000 00:00 0                          [stack:26577]
7f34cf5f6000-7f34cf5f9000 ---p 00000000 00:00 0 
7f34cf5f9000-7f34cf6f7000 rw-p 00000000 00:00 0                          [stack:26576]
7f34cf6f7000-7f34cf6f8000 ---p 00000000 00:00 0 
7f34cf6f8000-7f34d0000000 rw-p 00000000 00:00 0                          [stack:26575]
7f34d0000000-7f34d0021000 rw-p 00000000 00:00 0 
7f34d0021000-7f34d4000000 ---p 00000000 00:00 0 
7f34d4000000-7f34d4021000 rw-p 00000000 00:00 0 
7f34d4021000-7f34d8000000 ---p 00000000 00:00 0 
7f34d8000000-7f34d8021000 rw-p 00000000 00:00 0 
7f34d8021000-7f34dc000000 ---p 00000000 00:00 0 
7f34dc000000-7f34dc006000 r--s 00000000 08:01 5242983                    /var/cache/fontconfig/b47c4e1ecd0709278f4910c18777a504-le64.cache-4
7f34dc006000-7f34dc011000 r--s 00000000 08:01 5252584                    /var/cache/fontconfig/d589a48862398ed80a3d6066f4f56f4c-le64.cache-4
7f34dc011000-7f34dc016000 r--s 00000000 08:01 5242982                    /var/cache/fontconfig/b25010134a2e462c779c1c1d5ccbff7b-le64.cache-4
7f34dc016000-7f34dc023000 r--s 00000000 08:01 5243944                    /var/cache/fontconfig/e13b20fdb08344e0e664864cc2ede53d-le64.cache-4
7f34dc023000-7f34dc02a000 r--s 00094000 08:01 3151230                    /home/rsoto/netbeans-8.0.2/java/modules/ext/beansbinding-1.2.1.jar
7f34dc02a000-7f34dc047000 r--s 00131000 08:01 3150220                    /home/rsoto/netbeans-8.0.2/java/modules/ext/eclipselink/org.eclipse.persistence.jpa.jpql_2.5.2.v20140319-9ad6abd.jar
7f34dc047000-7f34dd000000 rw-p 00000000 00:00 0 
7f34dd000000-7f34dd590000 rwxp 00000000 00:00 0 
7f34dd590000-7f34ec000000 ---p 00000000 00:00 0 
7f34ec000000-7f34ec2ee000 rw-p 00000000 00:00 0 
7f34ec2ee000-7f34f0000000 ---p 00000000 00:00 0 
7f34f0000000-7f34f0001000 r--s 00000000 08:01 5242984                    /var/cache/fontconfig/b9d506c9ac06c20b433354fa67a72993-le64.cache-4
7f34f0001000-7f34f0002000 r--s 00000000 08:01 5242952                    /var/cache/fontconfig/0b3f2427388044a01a5738fa4b8cc9d1-le64.cache-4
7f34f0002000-7f34f0004000 r--s 00000000 08:01 5242995                    /var/cache/fontconfig/e8d703157d3641d20c7e900be2e8d091-le64.cache-4
7f34f0004000-7f34f0006000 r--s 00000000 08:01 5242971                    /var/cache/fontconfig/6a6dfed4a7d1e4367ef225093de82110-le64.cache-4
7f34f0006000-7f34f01de000 r--s 03d17000 08:01 1186281                    /usr/lib/jvm/java-8-oracle/jre/lib/rt.jar
7f34f01de000-7f34f2278000 rw-p 00000000 00:00 0 
7f34f2278000-7f34f2279000 ---p 00000000 00:00 0 
7f34f2279000-7f34f2379000 rw-p 00000000 00:00 0                          [stack:26574]
7f34f2379000-7f34f237a000 ---p 00000000 00:00 0 
7f34f237a000-7f34f247a000 rw-p 00000000 00:00 0                          [stack:26573]
7f34f247a000-7f34f247b000 ---p 00000000 00:00 0 
7f34f247b000-7f34f257b000 rw-p 00000000 00:00 0                          [stack:26572]
7f34f257b000-7f34f257c000 ---p 00000000 00:00 0 
7f34f257c000-7f34f268b000 rw-p 00000000 00:00 0                          [stack:26571]
7f34f268b000-7f34f27bf000 ---p 00000000 00:00 0 
7f34f27bf000-7f34f27ce000 rw-p 00000000 00:00 0 
7f34f27ce000-7f34f2901000 ---p 00000000 00:00 0 
7f34f2901000-7f34f2924000 rw-p 00000000 00:00 0 
7f34f2924000-7f34f29a3000 ---p 00000000 00:00 0 
7f34f29a3000-7f34f29bb000 rw-p 00000000 00:00 0 
7f34f29bb000-7f34f2d64000 ---p 00000000 00:00 0 
7f34f2d64000-7f34f2d7e000 r-xp 00000000 08:01 1332706                    /usr/lib/jvm/java-8-oracle/jre/lib/amd64/libzip.so
7f34f2d7e000-7f34f2f7e000 ---p 0001a000 08:01 1332706                    /usr/lib/jvm/java-8-oracle/jre/lib/amd64/libzip.so
7f34f2f7e000-7f34f2f7f000 rw-p 0001a000 08:01 1332706                    /usr/lib/jvm/java-8-oracle/jre/lib/amd64/libzip.so
7f34f2f7f000-7f34f2f8a000 r-xp 00000000 08:01 528606                     /lib/x86_64-linux-gnu/libnss_files-2.19.so
7f34f2f8a000-7f34f3189000 ---p 0000b000 08:01 528606                     /lib/x86_64-linux-gnu/libnss_files-2.19.so
7f34f3189000-7f34f318a000 r--p 0000a000 08:01 528606                     /lib/x86_64-linux-gnu/libnss_files-2.19.so
7f34f318a000-7f34f318b000 rw-p 0000b000 08:01 528606                     /lib/x86_64-linux-gnu/libnss_files-2.19.so
7f34f318b000-7f34f3196000 r-xp 00000000 08:01 528616                     /lib/x86_64-linux-gnu/libnss_nis-2.19.so
7f34f3196000-7f34f3395000 ---p 0000b000 08:01 528616                     /lib/x86_64-linux-gnu/libnss_nis-2.19.so
7f34f3395000-7f34f3396000 r--p 0000a000 08:01 528616                     /lib/x86_64-linux-gnu/libnss_nis-2.19.so
7f34f3396000-7f34f3397000 rw-p 0000b000 08:01 528616                     /lib/x86_64-linux-gnu/libnss_nis-2.19.so
7f34f3397000-7f34f33ae000 r-xp 00000000 08:01 528600                     /lib/x86_64-linux-gnu/libnsl-2.19.so
7f34f33ae000-7f34f35ad000 ---p 00017000 08:01 528600                     /lib/x86_64-linux-gnu/libnsl-2.19.so
7f34f35ad000-7f34f35ae000 r--p 00016000 08:01 528600                     /lib/x86_64-linux-gnu/libnsl-2.19.so
7f34f35ae000-7f34f35af000 rw-p 00017000 08:01 528600                     /lib/x86_64-linux-gnu/libnsl-2.19.so
7f34f35af000-7f34f35b1000 rw-p 00000000 00:00 0 
7f34f35b1000-7f34f35ba000 r-xp 00000000 08:01 528602                     /lib/x86_64-linux-gnu/libnss_compat-2.19.so
7f34f35ba000-7f34f37b9000 ---p 00009000 08:01 528602                     /lib/x86_64-linux-gnu/libnss_compat-2.19.so
7f34f37b9000-7f34f37ba000 r--p 00008000 08:01 528602                     /lib/x86_64-linux-gnu/libnss_compat-2.19.so
7f34f37ba000-7f34f37bb000 rw-p 00009000 08:01 528602                     /lib/x86_64-linux-gnu/libnss_compat-2.19.so
7f34f37bb000-7f34f37e5000 r-xp 00000000 08:01 1332700                    /usr/lib/jvm/java-8-oracle/jre/lib/amd64/libjava.so
7f34f37e5000-7f34f39e5000 ---p 0002a000 08:01 1332700                    /usr/lib/jvm/java-8-oracle/jre/lib/amd64/libjava.so
7f34f39e5000-7f34f39e7000 rw-p 0002a000 08:01 1332700                    /usr/lib/jvm/java-8-oracle/jre/lib/amd64/libjava.so
7f34f39e7000-7f34f39f4000 r-xp 00000000 08:01 1332686                    /usr/lib/jvm/java-8-oracle/jre/lib/amd64/libverify.so
7f34f39f4000-7f34f3bf4000 ---p 0000d000 08:01 1332686                    /usr/lib/jvm/java-8-oracle/jre/lib/amd64/libverify.so
7f34f3bf4000-7f34f3bf6000 rw-p 0000d000 08:01 1332686                    /usr/lib/jvm/java-8-oracle/jre/lib/amd64/libverify.so
7f34f3bf6000-7f34f3bfd000 r-xp 00000000 08:01 528659                     /lib/x86_64-linux-gnu/librt-2.19.so
7f34f3bfd000-7f34f3dfc000 ---p 00007000 08:01 528659                     /lib/x86_64-linux-gnu/librt-2.19.so
7f34f3dfc000-7f34f3dfd000 r--p 00006000 08:01 528659                     /lib/x86_64-linux-gnu/librt-2.19.so
7f34f3dfd000-7f34f3dfe000 rw-p 00007000 08:01 528659                     /lib/x86_64-linux-gnu/librt-2.19.so
7f34f3dfe000-7f34f3f03000 r-xp 00000000 08:01 528581                     /lib/x86_64-linux-gnu/libm-2.19.so
7f34f3f03000-7f34f4102000 ---p 00105000 08:01 528581                     /lib/x86_64-linux-gnu/libm-2.19.so
7f34f4102000-7f34f4103000 r--p 00104000 08:01 528581                     /lib/x86_64-linux-gnu/libm-2.19.so
7f34f4103000-7f34f4104000 rw-p 00105000 08:01 528581                     /lib/x86_64-linux-gnu/libm-2.19.so
7f34f4104000-7f34f4dc2000 r-xp 00000000 08:01 1332697                    /usr/lib/jvm/java-8-oracle/jre/lib/amd64/server/libjvm.so
7f34f4dc2000-7f34f4fc1000 ---p 00cbe000 08:01 1332697                    /usr/lib/jvm/java-8-oracle/jre/lib/amd64/server/libjvm.so
7f34f4fc1000-7f34f5099000 rw-p 00cbd000 08:01 1332697                    /usr/lib/jvm/java-8-oracle/jre/lib/amd64/server/libjvm.so
7f34f5099000-7f34f50de000 rw-p 00000000 00:00 0 
7f34f50de000-7f34f5299000 r-xp 00000000 08:01 528531                     /lib/x86_64-linux-gnu/libc-2.19.so
7f34f5299000-7f34f5498000 ---p 001bb000 08:01 528531                     /lib/x86_64-linux-gnu/libc-2.19.so
7f34f5498000-7f34f549c000 r--p 001ba000 08:01 528531                     /lib/x86_64-linux-gnu/libc-2.19.so
7f34f549c000-7f34f549e000 rw-p 001be000 08:01 528531                     /lib/x86_64-linux-gnu/libc-2.19.so
7f34f549e000-7f34f54a3000 rw-p 00000000 00:00 0 
7f34f54a3000-7f34f54a6000 r-xp 00000000 08:01 528548                     /lib/x86_64-linux-gnu/libdl-2.19.so
7f34f54a6000-7f34f56a5000 ---p 00003000 08:01 528548                     /lib/x86_64-linux-gnu/libdl-2.19.so
7f34f56a5000-7f34f56a6000 r--p 00002000 08:01 528548                     /lib/x86_64-linux-gnu/libdl-2.19.so
7f34f56a6000-7f34f56a7000 rw-p 00003000 08:01 528548                     /lib/x86_64-linux-gnu/libdl-2.19.so
7f34f56a7000-7f34f56bc000 r-xp 00000000 08:01 1055208                    /usr/lib/jvm/java-8-oracle/lib/amd64/jli/libjli.so
7f34f56bc000-7f34f58bc000 ---p 00015000 08:01 1055208                    /usr/lib/jvm/java-8-oracle/lib/amd64/jli/libjli.so
7f34f58bc000-7f34f58bd000 rw-p 00015000 08:01 1055208                    /usr/lib/jvm/java-8-oracle/lib/amd64/jli/libjli.so
7f34f58bd000-7f34f58d6000 r-xp 00000000 08:01 528651                     /lib/x86_64-linux-gnu/libpthread-2.19.so
7f34f58d6000-7f34f5ad5000 ---p 00019000 08:01 528651                     /lib/x86_64-linux-gnu/libpthread-2.19.so
7f34f5ad5000-7f34f5ad6000 r--p 00018000 08:01 528651                     /lib/x86_64-linux-gnu/libpthread-2.19.so
7f34f5ad6000-7f34f5ad7000 rw-p 00019000 08:01 528651                     /lib/x86_64-linux-gnu/libpthread-2.19.so
7f34f5ad7000-7f34f5adb000 rw-p 00000000 00:00 0 
7f34f5adb000-7f34f5afe000 r-xp 00000000 08:01 528507                     /lib/x86_64-linux-gnu/ld-2.19.so
7f34f5afe000-7f34f5aff000 r--s 00000000 08:01 5242951                    /var/cache/fontconfig/0941b6d3777f1e64883d36fd6d84a52f-le64.cache-4
7f34f5aff000-7f34f5b03000 r--s 00000000 08:01 5253964                    /var/cache/fontconfig/7ef2298fde41cc6eeb7af42e48b7d293-le64.cache-4
7f34f5b03000-7f34f5bdb000 rw-p 00000000 00:00 0 
7f34f5bdb000-7f34f5bde000 ---p 00000000 00:00 0 
7f34f5bde000-7f34f5ce0000 rw-p 00000000 00:00 0                          [stack:26570]
7f34f5ce0000-7f34f5ce1000 r--s 00000000 08:01 5242954                    /var/cache/fontconfig/0c9eb80ebd1c36541ebe2852d3bb0c49-le64.cache-4
7f34f5ce1000-7f34f5ce2000 r--s 00000000 08:01 5242950                    /var/cache/fontconfig/0506017f1240826ed812c3e90c95875e-le64.cache-4
7f34f5ce2000-7f34f5ce3000 r--s 00033000 08:01 2887089                    /home/rsoto/Projects/JAVA/AHMS_V1/UI/AHMSSwingUI/src/libs/commons-beanutils-1.8.3.jar.zip
7f34f5ce3000-7f34f5ce5000 r--s 0000a000 08:01 2887088                    /home/rsoto/Projects/JAVA/AHMS_V1/UI/AHMSSwingUI/src/libs/databinding-1.0.jar
7f34f5ce5000-7f34f5ceb000 r--s 0007f000 08:01 3018186                    /home/rsoto/Documents/AHMS/libs/mysql-connector-java-5.0.8/mysql-connector-java-5.0.8-bin.jar
7f34f5ceb000-7f34f5cf1000 r--s 00022000 08:01 3150294                    /home/rsoto/netbeans-8.0.2/java/modules/ext/eclipselink/javax.persistence_2.1.0.v201304241213.jar
7f34f5cf1000-7f34f5cf9000 rw-s 00000000 08:01 4196175                    /tmp/hsperfdata_rsoto/26566
7f34f5cf9000-7f34f5cfa000 rw-p 00000000 00:00 0 
7f34f5cfa000-7f34f5cfb000 ---p 00000000 00:00 0 
7f34f5cfb000-7f34f5cfd000 rw-p 00000000 00:00 0 
7f34f5cfd000-7f34f5cfe000 r--p 00022000 08:01 528507                     /lib/x86_64-linux-gnu/ld-2.19.so
7f34f5cfe000-7f34f5cff000 rw-p 00023000 08:01 528507                     /lib/x86_64-linux-gnu/ld-2.19.so
7f34f5cff000-7f34f5d00000 rw-p 00000000 00:00 0 
7fff3eac3000-7fff3eae4000 rw-p 00000000 00:00 0                          [stack]
7fff3eb6a000-7fff3eb6c000 r--p 00000000 00:00 0                          [vvar]
7fff3eb6c000-7fff3eb6e000 r-xp 00000000 00:00 0                          [vdso]
ffffffffff600000-ffffffffff601000 r-xp 00000000 00:00 0                  [vsyscall]

VM Arguments:
jvm_args: -Dfile.encoding=UTF-8 
java_command: com.ahms.ui.modules.security.ProfilesFrm
java_class_path (initial): /home/rsoto/netbeans-8.0.2/java/modules/ext/eclipselink/eclipselink.jar:/home/rsoto/netbeans-8.0.2/java/modules/ext/eclipselink/javax.persistence_2.1.0.v201304241213.jar:/home/rsoto/netbeans-8.0.2/java/modules/ext/eclipselink/org.eclipse.persistence.jpa.jpql_2.5.2.v20140319-9ad6abd.jar:/home/rsoto/Documents/AHMS/libs/mysql-connector-java-5.0.8/mysql-connector-java-5.0.8-bin.jar:/home/rsoto/Projects/JAVA/AHMS_V1/AHMS_Core/build/classes:/home/rsoto/netbeans-8.0.2/java/modules/ext/beansbinding-1.2.1.jar:/home/rsoto/Projects/JAVA/AHMS_V1/UI/AHMSSwingUI/src/libs/databinding-1.0.jar:/home/rsoto/Projects/JAVA/AHMS_V1/UI/AHMSSwingUI/src/libs/commons-beanutils-1.8.3.jar.zip:/home/rsoto/Projects/JAVA/AHMS_V1/UI/AHMSSwingUI/build/classes
Launcher Type: SUN_STANDARD

Environment Variables:
JAVA_HOME=/usr/lib/jvm/java-8-oracle
PATH=/usr/local/sbin:/usr/local/bin:/usr/sbin:/usr/bin:/sbin:/bin:/usr/games:/usr/local/games:/usr/lib/jvm/java-8-oracle/bin:/usr/lib/jvm/java-8-oracle/db/bin:/usr/lib/jvm/java-8-oracle/jre/bin
LD_LIBRARY_PATH=/usr/lib/jvm/java-8-oracle//jre/lib/amd64:/usr/lib/jvm/java-8-oracle//jre/lib/i386:
SHELL=/bin/bash
DISPLAY=:0

Signal Handlers:
SIGSEGV: [libjvm.so+0xaba070], sa_mask[0]=11111111011111111101111111111110, sa_flags=SA_RESTART|SA_SIGINFO
SIGBUS: [libjvm.so+0xaba070], sa_mask[0]=11111111011111111101111111111110, sa_flags=SA_RESTART|SA_SIGINFO
SIGFPE: [libjvm.so+0x917630], sa_mask[0]=11111111011111111101111111111110, sa_flags=SA_RESTART|SA_SIGINFO
SIGPIPE: [libjvm.so+0x917630], sa_mask[0]=11111111011111111101111111111110, sa_flags=SA_RESTART|SA_SIGINFO
SIGXFSZ: [libjvm.so+0x917630], sa_mask[0]=11111111011111111101111111111110, sa_flags=SA_RESTART|SA_SIGINFO
SIGILL: [libjvm.so+0x917630], sa_mask[0]=11111111011111111101111111111110, sa_flags=SA_RESTART|SA_SIGINFO
SIGUSR1: SIG_DFL, sa_mask[0]=00000000000000000000000000000000, sa_flags=none
SIGUSR2: [libjvm.so+0x918c60], sa_mask[0]=00100000000000000000000000000000, sa_flags=SA_RESTART|SA_SIGINFO
SIGHUP: [libjvm.so+0x91a060], sa_mask[0]=11111111011111111101111111111110, sa_flags=SA_RESTART|SA_SIGINFO
SIGINT: SIG_IGN, sa_mask[0]=00000000000000000000000000000000, sa_flags=none
SIGTERM: [libjvm.so+0x91a060], sa_mask[0]=11111111011111111101111111111110, sa_flags=SA_RESTART|SA_SIGINFO
SIGQUIT: [libjvm.so+0x91a060], sa_mask[0]=11111111011111111101111111111110, sa_flags=SA_RESTART|SA_SIGINFO


---------------  S Y S T E M  ---------------

OS:DISTRIB_ID="elementary OS"
DISTRIB_RELEASE=0.3.1
DISTRIB_CODENAME=freya
DISTRIB_DESCRIPTION="elementary OS Freya"

uname:Linux 3.19.0-31-generic #36~14.04.1-Ubuntu SMP Thu Oct 8 10:21:08 UTC 2015 x86_64
libc:glibc 2.19 NPTL 2.19 
rlimit: STACK 8192k, CORE 0k, NPROC 15345, NOFILE 4096, AS infinity
load average:0.70 0.48 0.44

/proc/meminfo:
MemTotal:        3958716 kB
MemFree:          108188 kB
MemAvailable:      45904 kB
Buffers:             616 kB
Cached:           118212 kB
SwapCached:         6288 kB
Active:          2585564 kB
Inactive:         971764 kB
Active(anon):    2580528 kB
Inactive(anon):   964248 kB
Active(file):       5036 kB
Inactive(file):     7516 kB
Unevictable:         628 kB
Mlocked:             628 kB
SwapTotal:       4104188 kB
SwapFree:              0 kB
Dirty:               364 kB
Writeback:             4 kB
AnonPages:       3433552 kB
Mapped:           147852 kB
Shmem:            106056 kB
Slab:              75996 kB
SReclaimable:      31812 kB
SUnreclaim:        44184 kB
KernelStack:       18320 kB
PageTables:        81824 kB
NFS_Unstable:          0 kB
Bounce:                0 kB
WritebackTmp:          0 kB
CommitLimit:     6083544 kB
Committed_AS:   19090092 kB
VmallocTotal:   34359738367 kB
VmallocUsed:      385112 kB
VmallocChunk:   34359341052 kB
HardwareCorrupted:     0 kB
AnonHugePages:    659456 kB
CmaTotal:              0 kB
CmaFree:               0 kB
HugePages_Total:       0
HugePages_Free:        0
HugePages_Rsvd:        0
HugePages_Surp:        0
Hugepagesize:       2048 kB
DirectMap4k:      307776 kB
DirectMap2M:     3799040 kB


CPU:total 4 (2 cores per cpu, 2 threads per core) family 6 model 42 stepping 7, cmov, cx8, fxsr, mmx, sse, sse2, sse3, ssse3, sse4.1, sse4.2, popcnt, avx, clmul, ht, tsc, tscinvbit

/proc/cpuinfo:
processor	: 0
vendor_id	: GenuineIntel
cpu family	: 6
model		: 42
model name	: Intel(R) Core(TM) i5-2410M CPU @ 2.30GHz
stepping	: 7
microcode	: 0x15
cpu MHz		: 2699.984
cache size	: 3072 KB
physical id	: 0
siblings	: 4
core id		: 0
cpu cores	: 2
apicid		: 0
initial apicid	: 0
fpu		: yes
fpu_exception	: yes
cpuid level	: 13
wp		: yes
flags		: fpu vme de pse tsc msr pae mce cx8 apic sep mtrr pge mca cmov pat pse36 clflush dts acpi mmx fxsr sse sse2 ss ht tm pbe syscall nx rdtscp lm constant_tsc arch_perfmon pebs bts nopl xtopology nonstop_tsc aperfmperf eagerfpu pni pclmulqdq dtes64 monitor ds_cpl vmx est tm2 ssse3 cx16 xtpr pdcm pcid sse4_1 sse4_2 x2apic popcnt tsc_deadline_timer xsave avx lahf_lm ida arat epb pln pts dtherm tpr_shadow vnmi flexpriority ept vpid xsaveopt
bugs		:
bogomips	: 4589.19
clflush size	: 64
cache_alignment	: 64
address sizes	: 36 bits physical, 48 bits virtual
power management:

processor	: 1
vendor_id	: GenuineIntel
cpu family	: 6
model		: 42
model name	: Intel(R) Core(TM) i5-2410M CPU @ 2.30GHz
stepping	: 7
microcode	: 0x15
cpu MHz		: 2699.984
cache size	: 3072 KB
physical id	: 0
siblings	: 4
core id		: 0
cpu cores	: 2
apicid		: 1
initial apicid	: 1
fpu		: yes
fpu_exception	: yes
cpuid level	: 13
wp		: yes
flags		: fpu vme de pse tsc msr pae mce cx8 apic sep mtrr pge mca cmov pat pse36 clflush dts acpi mmx fxsr sse sse2 ss ht tm pbe syscall nx rdtscp lm constant_tsc arch_perfmon pebs bts nopl xtopology nonstop_tsc aperfmperf eagerfpu pni pclmulqdq dtes64 monitor ds_cpl vmx est tm2 ssse3 cx16 xtpr pdcm pcid sse4_1 sse4_2 x2apic popcnt tsc_deadline_timer xsave avx lahf_lm ida arat epb pln pts dtherm tpr_shadow vnmi flexpriority ept vpid xsaveopt
bugs		:
bogomips	: 4589.19
clflush size	: 64
cache_alignment	: 64
address sizes	: 36 bits physical, 48 bits virtual
power management:

processor	: 2
vendor_id	: GenuineIntel
cpu family	: 6
model		: 42
model name	: Intel(R) Core(TM) i5-2410M CPU @ 2.30GHz
stepping	: 7
microcode	: 0x15
cpu MHz		: 2699.984
cache size	: 3072 KB
physical id	: 0
siblings	: 4
core id		: 1
cpu cores	: 2
apicid		: 2
initial apicid	: 2
fpu		: yes
fpu_exception	: yes
cpuid level	: 13
wp		: yes
flags		: fpu vme de pse tsc msr pae mce cx8 apic sep mtrr pge mca cmov pat pse36 clflush dts acpi mmx fxsr sse sse2 ss ht tm pbe syscall nx rdtscp lm constant_tsc arch_perfmon pebs bts nopl xtopology nonstop_tsc aperfmperf eagerfpu pni pclmulqdq dtes64 monitor ds_cpl vmx est tm2 ssse3 cx16 xtpr pdcm pcid sse4_1 sse4_2 x2apic popcnt tsc_deadline_timer xsave avx lahf_lm ida arat epb pln pts dtherm tpr_shadow vnmi flexpriority ept vpid xsaveopt
bugs		:
bogomips	: 4589.19
clflush size	: 64
cache_alignment	: 64
address sizes	: 36 bits physical, 48 bits virtual
power management:

processor	: 3
vendor_id	: GenuineIntel
cpu family	: 6
model		: 42
model name	: Intel(R) Core(TM) i5-2410M CPU @ 2.30GHz
stepping	: 7
microcode	: 0x15
cpu MHz		: 2470.523
cache size	: 3072 KB
physical id	: 0
siblings	: 4
core id		: 1
cpu cores	: 2
apicid		: 3
initial apicid	: 3
fpu		: yes
fpu_exception	: yes
cpuid level	: 13
wp		: yes
flags		: fpu vme de pse tsc msr pae mce cx8 apic sep mtrr pge mca cmov pat pse36 clflush dts acpi mmx fxsr sse sse2 ss ht tm pbe syscall nx rdtscp lm constant_tsc arch_perfmon pebs bts nopl xtopology nonstop_tsc aperfmperf eagerfpu pni pclmulqdq dtes64 monitor ds_cpl vmx est tm2 ssse3 cx16 xtpr pdcm pcid sse4_1 sse4_2 x2apic popcnt tsc_deadline_timer xsave avx lahf_lm ida arat epb pln pts dtherm tpr_shadow vnmi flexpriority ept vpid xsaveopt
bugs		:
bogomips	: 4589.19
clflush size	: 64
cache_alignment	: 64
address sizes	: 36 bits physical, 48 bits virtual
power management:



Memory: 4k page, physical 3958716k(108188k free), swap 4104188k(0k free)

vm_info: Java HotSpot(TM) 64-Bit Server VM (25.60-b23) for linux-amd64 JRE (1.8.0_60-b27), built on Aug  4 2015 12:19:40 by "java_re" with gcc 4.3.0 20080428 (Red Hat 4.3.0-8)

time: Sat Oct 24 14:01:46 2015
elapsed time: 3 seconds (0d 0h 0m 3s)

